Wed Dec 04 09:52:19 CET 2019 : Apache Derby Network Server - 10.11.1.2 - (1629631) démarré et prêt à accepter les connexions sur le port 1527
----------------------------------------------------------------
Wed Dec 04 09:52:19 CET 2019:
Amorçage de Derby version The Apache Software Foundation - Apache Derby - 10.11.1.2 - (1629631) : instance a816c00e-016e-d01c-3298-ffff8d29b20f 
dans le répertoire de base de données C:\Users\pedago\Desktop\Amazonia\Ressources\amazon_database avec le chargeur de classe sun.misc.Launcher$AppClassLoader@1d44bcfa
Chargé de file:/C:/Program%20Files/Java/jdk1.8.0_77/db/lib/derby.jar
java.vendor=Oracle Corporation
java.runtime.version=1.8.0_77-b03
user.dir=C:\Program Files\Java\jdk1.8.0_77\db
os.name=Windows 10
os.arch=amd64
os.version=10.0
derby.system.home=C:\Users\pedago\Desktop\Amazonia\Ressources
Chargeur de classe de la base de données démarré - derby.database.classpath = ''
----------------------------------------------------------------
Wed Dec 04 09:52:30 CET 2019:
Fermeture de l'instance a816c00e-016e-d01c-3298-ffff8d29b20f sur le répertoire de base de données C:\Users\pedago\Desktop\Amazonia\Ressources\amazon_database avec le chargeur de classe sun.misc.Launcher$AppClassLoader@1d44bcfa 
Wed Dec 04 09:52:30 CET 2019 Thread[DRDAConnThread_3,5,main] (DATABASE = amazon_database), (DRDAID = {2}), Arrêt de la base de données 'amazon_database'.
----------------------------------------------------------------
Wed Dec 04 09:58:32 CET 2019:
Amorçage de Derby version The Apache Software Foundation - Apache Derby - 10.11.1.2 - (1629631) : instance a65c80ac-016e-d01c-3298-ffff8d29b20f 
dans le répertoire de base de données C:\Users\pedago\Desktop\Amazonia\Ressources\amazon_database avec le chargeur de classe sun.misc.Launcher$AppClassLoader@1d44bcfa
Chargé de file:/C:/Program%20Files/Java/jdk1.8.0_77/db/lib/derby.jar
java.vendor=Oracle Corporation
java.runtime.version=1.8.0_77-b03
user.dir=C:\Program Files\Java\jdk1.8.0_77\db
os.name=Windows 10
os.arch=amd64
os.version=10.0
derby.system.home=C:\Users\pedago\Desktop\Amazonia\Ressources
Chargeur de classe de la base de données démarré - derby.database.classpath = ''
